#! /foss/tools/iverilog/bin/vvp
:ivl_version "13.0 (devel)" "(s20250103-44-gf82c6c7b-dirty)";
:ivl_delay_selection "TYPICAL";
:vpi_time_precision - 12;
:vpi_module "/foss/tools/iverilog/lib/ivl/system.vpi";
:vpi_module "/foss/tools/iverilog/lib/ivl/vhdl_sys.vpi";
:vpi_module "/foss/tools/iverilog/lib/ivl/vhdl_textio.vpi";
:vpi_module "/foss/tools/iverilog/lib/ivl/v2005_math.vpi";
:vpi_module "/foss/tools/iverilog/lib/ivl/va_math.vpi";
:vpi_module "/foss/tools/iverilog/lib/ivl/v2009.vpi";
S_0x59d5dd1f6640 .scope package, "$unit" "$unit" 2 1;
 .timescale 0 0;
S_0x59d5dd1e6b50 .scope module, "tb_control_store_directed" "tb_control_store_directed" 3 3;
 .timescale -9 -12;
v0x59d5dd219c70 .array "A_tests", 0 6, 31 0;
v0x59d5dd219d50_0 .var "A_vec", 31 0;
v0x59d5dd219e10 .array "B_tests", 0 6, 31 0;
v0x59d5dd219eb0_0 .var "B_vec", 31 0;
v0x59d5dd219f50_0 .var "clk", 0 0;
v0x59d5dd219ff0_0 .net "cosine_similarity", 15 0, v0x59d5dd218220_0;  1 drivers
v0x59d5dd21a0c0_0 .net "done", 0 0, v0x59d5dd2184a0_0;  1 drivers
v0x59d5dd21a190 .array/str "labels", 0 7;
v0x59d5dd21a230_0 .var "reset", 0 0;
v0x59d5dd21a300_0 .var "start", 0 0;
S_0x59d5dd1e4ef0 .scope begin, "$ivl_for_loop0" "$ivl_for_loop0" 3 64, 3 64 0, S_0x59d5dd1e6b50;
 .timescale -9 -12;
v0x59d5dd1ebe60_0 .var/2s "i", 31 0;
E_0x59d5dd15eed0 .event posedge, v0x59d5dd218160_0;
E_0x59d5dd19e6c0 .event anyedge, v0x59d5dd2184a0_0;
S_0x59d5dd215a50 .scope module, "dut" "control_store" 3 12, 4 6 0, S_0x59d5dd1e6b50;
 .timescale 0 0;
    .port_info 0 /INPUT 1 "clk";
    .port_info 1 /INPUT 1 "reset";
    .port_info 2 /INPUT 1 "start";
    .port_info 3 /OUTPUT 1 "done";
    .port_info 4 /INPUT 32 "A_vec";
    .port_info 5 /INPUT 32 "B_vec";
    .port_info 6 /OUTPUT 16 "cosine_similarity";
L_0x59d5dd1ebd50 .functor BUFZ 32, L_0x59d5dd21a5f0, C4<00000000000000000000000000000000>, C4<00000000000000000000000000000000>, C4<00000000000000000000000000000000>;
v0x59d5dd216b30_0 .net "A_vec", 31 0, v0x59d5dd219d50_0;  1 drivers
v0x59d5dd216c30 .array "A_vec_slice", 3 0;
v0x59d5dd216c30_0 .net v0x59d5dd216c30 0, 7 0, L_0x59d5dd21bd30; 1 drivers
v0x59d5dd216c30_1 .net v0x59d5dd216c30 1, 7 0, L_0x59d5dd21be00; 1 drivers
v0x59d5dd216c30_2 .net v0x59d5dd216c30 2, 7 0, L_0x59d5dd21bf70; 1 drivers
v0x59d5dd216c30_3 .net v0x59d5dd216c30 3, 7 0, L_0x59d5dd21c040; 1 drivers
v0x59d5dd216d70_0 .net "B_vec", 31 0, v0x59d5dd219eb0_0;  1 drivers
v0x59d5dd216e30 .array "B_vec_slice", 3 0;
v0x59d5dd216e30_0 .net v0x59d5dd216e30 0, 7 0, L_0x59d5dd21c1f0; 1 drivers
v0x59d5dd216e30_1 .net v0x59d5dd216e30 1, 7 0, L_0x59d5dd21c2c0; 1 drivers
v0x59d5dd216e30_2 .net v0x59d5dd216e30 2, 7 0, L_0x59d5dd21c450; 1 drivers
v0x59d5dd216e30_3 .net v0x59d5dd216e30 3, 7 0, L_0x59d5dd21c520; 1 drivers
v0x59d5dd216f70 .array "RegOutA", 0 2, 15 0;
v0x59d5dd217080_0 .var "RegOutA_indata", 15 0;
v0x59d5dd217160_0 .var "RegOutA_rd_data", 15 0;
v0x59d5dd217240_0 .net "RegOutA_slice", 7 0, L_0x59d5dd21c6f0;  1 drivers
v0x59d5dd217320 .array "RegOutB", 0 2, 15 0;
v0x59d5dd2173e0_0 .var "RegOutB_indata", 15 0;
v0x59d5dd2174c0_0 .var "RegOutB_rd_data", 15 0;
v0x59d5dd2175a0_0 .net "RegOutB_slice", 7 0, L_0x59d5dd21c7f0;  1 drivers
v0x59d5dd217680_0 .net *"_ivl_1", 14 0, L_0x59d5dd21a3d0;  1 drivers
v0x59d5dd217760_0 .net *"_ivl_4", 31 0, L_0x59d5dd21a5f0;  1 drivers
v0x59d5dd217840_0 .net *"_ivl_6", 5 0, L_0x59d5dd21a690;  1 drivers
L_0x760dff065018 .functor BUFT 1, C4<0>, C4<0>, C4<0>, C4<0>;
v0x59d5dd217920_0 .net *"_ivl_9", 0 0, L_0x760dff065018;  1 drivers
v0x59d5dd217a00_0 .var "a_vec_opA", 7 0;
v0x59d5dd217ae0_0 .net "a_vec_wr_en", 0 0, L_0x59d5dd21a970;  1 drivers
v0x59d5dd217ba0_0 .net "accum_clr", 0 0, L_0x59d5dd21b2d0;  1 drivers
v0x59d5dd217c60_0 .var "accum_indata", 15 0;
v0x59d5dd217d40_0 .net "accum_indata_clr", 15 0, L_0x59d5dd21a4d0;  1 drivers
v0x59d5dd217e20_0 .var "accum_out", 15 0;
v0x59d5dd217f00_0 .var "b_vec_opB", 7 0;
v0x59d5dd217fe0_0 .net "b_vec_wr_en", 0 0, L_0x59d5dd21aa50;  1 drivers
v0x59d5dd2180a0_0 .var "busy", 0 0;
v0x59d5dd218160_0 .net "clk", 0 0, v0x59d5dd219f50_0;  1 drivers
v0x59d5dd218220_0 .var "cosine_similarity", 15 0;
v0x59d5dd218300_0 .var "div_out", 15 0;
v0x59d5dd2183e0_0 .net "div_sel", 0 0, L_0x59d5dd21aea0;  1 drivers
v0x59d5dd2184a0_0 .var "done", 0 0;
v0x59d5dd218560_0 .net "micro_word", 31 0, L_0x59d5dd1ebd50;  1 drivers
v0x59d5dd218640_0 .var "mul_out", 15 0;
v0x59d5dd218720_0 .net "nxt_uPC", 5 0, L_0x59d5dd21a880;  1 drivers
v0x59d5dd218a10_0 .var "opA", 7 0;
v0x59d5dd218af0_0 .var "opB", 7 0;
v0x59d5dd218bd0_0 .net "opa_sel", 1 0, L_0x59d5dd21aca0;  1 drivers
v0x59d5dd218cb0_0 .net "opb_sel", 1 0, L_0x59d5dd21ad70;  1 drivers
v0x59d5dd218d90_0 .var "pc", 4 0;
v0x59d5dd218e70_0 .net "regOutA_rd_addr", 1 0, L_0x59d5dd21b5a0;  1 drivers
v0x59d5dd218f50_0 .net "regOutA_sel", 1 0, L_0x59d5dd21b0b0;  1 drivers
v0x59d5dd219030_0 .net "regOutA_wr_addr", 1 0, L_0x59d5dd21b370;  1 drivers
v0x59d5dd219110_0 .net "regOutA_wr_en", 0 0, L_0x59d5dd21b4d0;  1 drivers
v0x59d5dd2191d0_0 .net "regOutB_rd_addr", 1 0, L_0x59d5dd21b670;  1 drivers
v0x59d5dd2192b0_0 .net "regOutB_sel", 1 0, L_0x59d5dd21b180;  1 drivers
v0x59d5dd219390_0 .net "regOutB_wr_addr", 1 0, L_0x59d5dd21b710;  1 drivers
v0x59d5dd219470_0 .net "regOutB_wr_en", 0 0, L_0x59d5dd21b9f0;  1 drivers
v0x59d5dd219530_0 .net "reset", 0 0, v0x59d5dd21a230_0;  1 drivers
v0x59d5dd2195f0 .array "rom", 24 0, 31 0;
v0x59d5dd2196b0_0 .var "sqrt_indata", 15 0;
v0x59d5dd219790_0 .var "sqrt_out", 15 0;
v0x59d5dd219870_0 .net "sqrt_sel", 0 0, L_0x59d5dd21af70;  1 drivers
v0x59d5dd219930_0 .net "sqrt_start", 0 0, L_0x59d5dd21bba0;  1 drivers
v0x59d5dd2199f0_0 .net "start", 0 0, v0x59d5dd21a300_0;  1 drivers
v0x59d5dd219ab0_0 .net "vec_sel", 1 0, L_0x59d5dd21ab80;  1 drivers
E_0x59d5dd1bc8e0/0 .event negedge, v0x59d5dd219530_0;
E_0x59d5dd1bc8e0/1 .event posedge, v0x59d5dd218160_0;
E_0x59d5dd1bc8e0 .event/or E_0x59d5dd1bc8e0/0, E_0x59d5dd1bc8e0/1;
E_0x59d5dd1985c0/0 .event anyedge, v0x59d5dd219ab0_0, v0x59d5dd216c30_0, v0x59d5dd216c30_1, v0x59d5dd216c30_2;
E_0x59d5dd1985c0/1 .event anyedge, v0x59d5dd216c30_3, v0x59d5dd216e30_0, v0x59d5dd216e30_1, v0x59d5dd216e30_2;
E_0x59d5dd1985c0/2 .event anyedge, v0x59d5dd216e30_3, v0x59d5dd218bd0_0, v0x59d5dd217160_0, v0x59d5dd218cb0_0;
E_0x59d5dd1985c0/3 .event anyedge, v0x59d5dd2174c0_0, v0x59d5dd218d90_0, v0x59d5dd219870_0, v0x59d5dd217e20_0;
E_0x59d5dd1985c0/4 .event anyedge, v0x59d5dd217d40_0, v0x59d5dd218f50_0, v0x59d5dd2192b0_0;
E_0x59d5dd1985c0 .event/or E_0x59d5dd1985c0/0, E_0x59d5dd1985c0/1, E_0x59d5dd1985c0/2, E_0x59d5dd1985c0/3, E_0x59d5dd1985c0/4;
L_0x59d5dd21a3d0 .repeat 15, 15, L_0x59d5dd21b2d0;
L_0x59d5dd21a4d0 .concat [ 1 15 0 0], L_0x59d5dd21b2d0, L_0x59d5dd21a3d0;
L_0x59d5dd21a5f0 .array/port v0x59d5dd2195f0, L_0x59d5dd21a690;
L_0x59d5dd21a690 .concat [ 5 1 0 0], v0x59d5dd218d90_0, L_0x760dff065018;
L_0x59d5dd21a880 .part L_0x59d5dd1ebd50, 0, 6;
L_0x59d5dd21a970 .part L_0x59d5dd1ebd50, 6, 1;
L_0x59d5dd21aa50 .part L_0x59d5dd1ebd50, 7, 1;
L_0x59d5dd21ab80 .part L_0x59d5dd1ebd50, 8, 2;
L_0x59d5dd21aca0 .part L_0x59d5dd1ebd50, 10, 2;
L_0x59d5dd21ad70 .part L_0x59d5dd1ebd50, 12, 2;
L_0x59d5dd21aea0 .part L_0x59d5dd1ebd50, 14, 1;
L_0x59d5dd21af70 .part L_0x59d5dd1ebd50, 15, 1;
L_0x59d5dd21b0b0 .part L_0x59d5dd1ebd50, 16, 2;
L_0x59d5dd21b180 .part L_0x59d5dd1ebd50, 18, 2;
L_0x59d5dd21b2d0 .part L_0x59d5dd1ebd50, 20, 1;
L_0x59d5dd21b370 .part L_0x59d5dd1ebd50, 21, 2;
L_0x59d5dd21b4d0 .part L_0x59d5dd1ebd50, 23, 1;
L_0x59d5dd21b5a0 .part L_0x59d5dd1ebd50, 24, 2;
L_0x59d5dd21b710 .part L_0x59d5dd1ebd50, 26, 2;
L_0x59d5dd21b9f0 .part L_0x59d5dd1ebd50, 28, 1;
L_0x59d5dd21b670 .part L_0x59d5dd1ebd50, 29, 2;
L_0x59d5dd21bba0 .part L_0x59d5dd1ebd50, 31, 1;
L_0x59d5dd21bd30 .part v0x59d5dd219d50_0, 0, 8;
L_0x59d5dd21be00 .part v0x59d5dd219d50_0, 8, 8;
L_0x59d5dd21bf70 .part v0x59d5dd219d50_0, 16, 8;
L_0x59d5dd21c040 .part v0x59d5dd219d50_0, 24, 8;
L_0x59d5dd21c1f0 .part v0x59d5dd219eb0_0, 0, 8;
L_0x59d5dd21c2c0 .part v0x59d5dd219eb0_0, 8, 8;
L_0x59d5dd21c450 .part v0x59d5dd219eb0_0, 16, 8;
L_0x59d5dd21c520 .part v0x59d5dd219eb0_0, 24, 8;
L_0x59d5dd21c6f0 .part v0x59d5dd217160_0, 0, 8;
L_0x59d5dd21c7f0 .part v0x59d5dd2174c0_0, 0, 8;
S_0x59d5dd215db0 .scope autofunction.vec4.s4, "divider" "divider" 4 243, 4 243 0, S_0x59d5dd215a50;
 .timescale 0 0;
v0x59d5dd1ebf00_0 .var "div_1_8", 15 0;
v0x59d5dd1f84e0_0 .var "div_2_8", 15 0;
v0x59d5dd1f8930_0 .var "div_3_8", 15 0;
v0x59d5dd216070_0 .var "div_4_8", 15 0;
v0x59d5dd216150_0 .var "div_5_8", 15 0;
v0x59d5dd216280_0 .var "div_6_8", 15 0;
v0x59d5dd216360_0 .var "div_7_8", 15 0;
v0x59d5dd216440_0 .var "dividend", 15 0;
; Variable divider is vec4 return value of scope S_0x59d5dd215db0
v0x59d5dd216600_0 .var "divisor", 15 0;
v0x59d5dd2166e0_0 .var "pc", 4 0;
TD_tb_control_store_directed.dut.divider ;
    %load/vec4 v0x59d5dd216600_0;
    %store/vec4 v0x59d5dd1ebf00_0, 0, 16;
    %load/vec4 v0x59d5dd216600_0;
    %ix/load 4, 1, 0;
    %flag_set/imm 4, 0;
    %shiftl 4;
    %store/vec4 v0x59d5dd1f84e0_0, 0, 16;
    %load/vec4 v0x59d5dd1ebf00_0;
    %load/vec4 v0x59d5dd1f84e0_0;
    %add;
    %store/vec4 v0x59d5dd1f8930_0, 0, 16;
    %load/vec4 v0x59d5dd216600_0;
    %ix/load 4, 2, 0;
    %flag_set/imm 4, 0;
    %shiftl 4;
    %store/vec4 v0x59d5dd216070_0, 0, 16;
    %load/vec4 v0x59d5dd216070_0;
    %load/vec4 v0x59d5dd1ebf00_0;
    %add;
    %store/vec4 v0x59d5dd216150_0, 0, 16;
    %load/vec4 v0x59d5dd216070_0;
    %load/vec4 v0x59d5dd1f84e0_0;
    %add;
    %store/vec4 v0x59d5dd216280_0, 0, 16;
    %load/vec4 v0x59d5dd216280_0;
    %load/vec4 v0x59d5dd1ebf00_0;
    %add;
    %store/vec4 v0x59d5dd216360_0, 0, 16;
    %load/vec4 v0x59d5dd216600_0;
    %ix/load 4, 3, 0;
    %flag_set/imm 4, 0;
    %shiftl 4;
    %load/vec4 v0x59d5dd216440_0;
    %ix/load 4, 3, 0;
    %flag_set/imm 4, 0;
    %shiftl 4;
    %cmp/u;
    %jmp/0xz  T_0.0, 5;
    %pushi/vec4 8, 0, 4;
    %ret/vec4 0, 0, 4;  Assign to divider (store_vec4_to_lval)
    %jmp T_0.1;
T_0.0 ;
    %load/vec4 v0x59d5dd216360_0;
    %load/vec4 v0x59d5dd216440_0;
    %ix/load 4, 3, 0;
    %flag_set/imm 4, 0;
    %shiftl 4;
    %cmp/u;
    %jmp/0xz  T_0.2, 5;
    %pushi/vec4 7, 0, 4;
    %ret/vec4 0, 0, 4;  Assign to divider (store_vec4_to_lval)
    %jmp T_0.3;
T_0.2 ;
    %load/vec4 v0x59d5dd216280_0;
    %load/vec4 v0x59d5dd216440_0;
    %ix/load 4, 3, 0;
    %flag_set/imm 4, 0;
    %shiftl 4;
    %cmp/u;
    %jmp/0xz  T_0.4, 5;
    %pushi/vec4 6, 0, 4;
    %ret/vec4 0, 0, 4;  Assign to divider (store_vec4_to_lval)
    %jmp T_0.5;
T_0.4 ;
    %load/vec4 v0x59d5dd216150_0;
    %load/vec4 v0x59d5dd216440_0;
    %ix/load 4, 3, 0;
    %flag_set/imm 4, 0;
    %shiftl 4;
    %cmp/u;
    %jmp/0xz  T_0.6, 5;
    %pushi/vec4 5, 0, 4;
    %ret/vec4 0, 0, 4;  Assign to divider (store_vec4_to_lval)
    %jmp T_0.7;
T_0.6 ;
    %load/vec4 v0x59d5dd216070_0;
    %load/vec4 v0x59d5dd216440_0;
    %ix/load 4, 3, 0;
    %flag_set/imm 4, 0;
    %shiftl 4;
    %cmp/u;
    %jmp/0xz  T_0.8, 5;
    %pushi/vec4 4, 0, 4;
    %ret/vec4 0, 0, 4;  Assign to divider (store_vec4_to_lval)
    %jmp T_0.9;
T_0.8 ;
    %load/vec4 v0x59d5dd1f8930_0;
    %load/vec4 v0x59d5dd216440_0;
    %ix/load 4, 3, 0;
    %flag_set/imm 4, 0;
    %shiftl 4;
    %cmp/u;
    %jmp/0xz  T_0.10, 5;
    %pushi/vec4 3, 0, 4;
    %ret/vec4 0, 0, 4;  Assign to divider (store_vec4_to_lval)
    %jmp T_0.11;
T_0.10 ;
    %load/vec4 v0x59d5dd1f84e0_0;
    %load/vec4 v0x59d5dd216440_0;
    %ix/load 4, 3, 0;
    %flag_set/imm 4, 0;
    %shiftl 4;
    %cmp/u;
    %jmp/0xz  T_0.12, 5;
    %pushi/vec4 2, 0, 4;
    %ret/vec4 0, 0, 4;  Assign to divider (store_vec4_to_lval)
    %jmp T_0.13;
T_0.12 ;
    %load/vec4 v0x59d5dd1ebf00_0;
    %load/vec4 v0x59d5dd216440_0;
    %ix/load 4, 3, 0;
    %flag_set/imm 4, 0;
    %shiftl 4;
    %cmp/u;
    %jmp/0xz  T_0.14, 5;
    %pushi/vec4 1, 0, 4;
    %ret/vec4 0, 0, 4;  Assign to divider (store_vec4_to_lval)
    %jmp T_0.15;
T_0.14 ;
    %load/vec4 v0x59d5dd216440_0;
    %pad/u 32;
    %ix/load 4, 3, 0;
    %flag_set/imm 4, 0;
    %shiftl 4;
    %cmpi/u 0, 0, 32;
    %flag_or 5, 4; GT is !LE
    %flag_inv 5;
    %jmp/0xz  T_0.16, 5;
    %pushi/vec4 0, 0, 4;
    %ret/vec4 0, 0, 4;  Assign to divider (store_vec4_to_lval)
    %jmp T_0.17;
T_0.16 ;
    %pushi/vec4 0, 0, 4;
    %ret/vec4 0, 0, 4;  Assign to divider (store_vec4_to_lval)
T_0.17 ;
T_0.15 ;
T_0.13 ;
T_0.11 ;
T_0.9 ;
T_0.7 ;
T_0.5 ;
T_0.3 ;
T_0.1 ;
    %end;
S_0x59d5dd2167c0 .scope autofunction.vec4.s16, "sqrt" "sqrt" 4 280, 4 280 0, S_0x59d5dd215a50;
 .timescale 0 0;
; Variable sqrt is vec4 return value of scope S_0x59d5dd2167c0
v0x59d5dd216a50_0 .var "square", 15 0;
TD_tb_control_store_directed.dut.sqrt ;
    %load/vec4 v0x59d5dd216a50_0;
    %pad/u 32;
    %cmpi/u 4095, 0, 32;
    %flag_or 5, 4; GT is !LE
    %flag_inv 5;
    %jmp/0xz  T_1.18, 5;
    %pushi/vec4 64, 0, 16;
    %ret/vec4 0, 0, 16;  Assign to sqrt (store_vec4_to_lval)
    %jmp T_1.19;
T_1.18 ;
    %load/vec4 v0x59d5dd216a50_0;
    %pad/u 32;
    %cmpi/u 3968, 0, 32;
    %flag_or 5, 4; GT is !LE
    %flag_inv 5;
    %jmp/0xz  T_1.20, 5;
    %pushi/vec4 63, 0, 16;
    %ret/vec4 0, 0, 16;  Assign to sqrt (store_vec4_to_lval)
    %jmp T_1.21;
T_1.20 ;
    %load/vec4 v0x59d5dd216a50_0;
    %pad/u 32;
    %cmpi/u 3843, 0, 32;
    %flag_or 5, 4; GT is !LE
    %flag_inv 5;
    %jmp/0xz  T_1.22, 5;
    %pushi/vec4 62, 0, 16;
    %ret/vec4 0, 0, 16;  Assign to sqrt (store_vec4_to_lval)
    %jmp T_1.23;
T_1.22 ;
    %load/vec4 v0x59d5dd216a50_0;
    %pad/u 32;
    %cmpi/u 3720, 0, 32;
    %flag_or 5, 4; GT is !LE
    %flag_inv 5;
    %jmp/0xz  T_1.24, 5;
    %pushi/vec4 61, 0, 16;
    %ret/vec4 0, 0, 16;  Assign to sqrt (store_vec4_to_lval)
    %jmp T_1.25;
T_1.24 ;
    %load/vec4 v0x59d5dd216a50_0;
    %pad/u 32;
    %cmpi/u 3599, 0, 32;
    %flag_or 5, 4; GT is !LE
    %flag_inv 5;
    %jmp/0xz  T_1.26, 5;
    %pushi/vec4 60, 0, 16;
    %ret/vec4 0, 0, 16;  Assign to sqrt (store_vec4_to_lval)
    %jmp T_1.27;
T_1.26 ;
    %load/vec4 v0x59d5dd216a50_0;
    %pad/u 32;
    %cmpi/u 3480, 0, 32;
    %flag_or 5, 4; GT is !LE
    %flag_inv 5;
    %jmp/0xz  T_1.28, 5;
    %pushi/vec4 59, 0, 16;
    %ret/vec4 0, 0, 16;  Assign to sqrt (store_vec4_to_lval)
    %jmp T_1.29;
T_1.28 ;
    %load/vec4 v0x59d5dd216a50_0;
    %pad/u 32;
    %cmpi/u 3363, 0, 32;
    %flag_or 5, 4; GT is !LE
    %flag_inv 5;
    %jmp/0xz  T_1.30, 5;
    %pushi/vec4 58, 0, 16;
    %ret/vec4 0, 0, 16;  Assign to sqrt (store_vec4_to_lval)
    %jmp T_1.31;
T_1.30 ;
    %load/vec4 v0x59d5dd216a50_0;
    %pad/u 32;
    %cmpi/u 3248, 0, 32;
    %flag_or 5, 4; GT is !LE
    %flag_inv 5;
    %jmp/0xz  T_1.32, 5;
    %pushi/vec4 57, 0, 16;
    %ret/vec4 0, 0, 16;  Assign to sqrt (store_vec4_to_lval)
    %jmp T_1.33;
T_1.32 ;
    %load/vec4 v0x59d5dd216a50_0;
    %pad/u 32;
    %cmpi/u 3135, 0, 32;
    %flag_or 5, 4; GT is !LE
    %flag_inv 5;
    %jmp/0xz  T_1.34, 5;
    %pushi/vec4 56, 0, 16;
    %ret/vec4 0, 0, 16;  Assign to sqrt (store_vec4_to_lval)
    %jmp T_1.35;
T_1.34 ;
    %load/vec4 v0x59d5dd216a50_0;
    %pad/u 32;
    %cmpi/u 3024, 0, 32;
    %flag_or 5, 4; GT is !LE
    %flag_inv 5;
    %jmp/0xz  T_1.36, 5;
    %pushi/vec4 55, 0, 16;
    %ret/vec4 0, 0, 16;  Assign to sqrt (store_vec4_to_lval)
    %jmp T_1.37;
T_1.36 ;
    %load/vec4 v0x59d5dd216a50_0;
    %pad/u 32;
    %cmpi/u 2915, 0, 32;
    %flag_or 5, 4; GT is !LE
    %flag_inv 5;
    %jmp/0xz  T_1.38, 5;
    %pushi/vec4 54, 0, 16;
    %ret/vec4 0, 0, 16;  Assign to sqrt (store_vec4_to_lval)
    %jmp T_1.39;
T_1.38 ;
    %load/vec4 v0x59d5dd216a50_0;
    %pad/u 32;
    %cmpi/u 2808, 0, 32;
    %flag_or 5, 4; GT is !LE
    %flag_inv 5;
    %jmp/0xz  T_1.40, 5;
    %pushi/vec4 53, 0, 16;
    %ret/vec4 0, 0, 16;  Assign to sqrt (store_vec4_to_lval)
    %jmp T_1.41;
T_1.40 ;
    %load/vec4 v0x59d5dd216a50_0;
    %pad/u 32;
    %cmpi/u 2703, 0, 32;
    %flag_or 5, 4; GT is !LE
    %flag_inv 5;
    %jmp/0xz  T_1.42, 5;
    %pushi/vec4 52, 0, 16;
    %ret/vec4 0, 0, 16;  Assign to sqrt (store_vec4_to_lval)
    %jmp T_1.43;
T_1.42 ;
    %load/vec4 v0x59d5dd216a50_0;
    %pad/u 32;
    %cmpi/u 2600, 0, 32;
    %flag_or 5, 4; GT is !LE
    %flag_inv 5;
    %jmp/0xz  T_1.44, 5;
    %pushi/vec4 51, 0, 16;
    %ret/vec4 0, 0, 16;  Assign to sqrt (store_vec4_to_lval)
    %jmp T_1.45;
T_1.44 ;
    %load/vec4 v0x59d5dd216a50_0;
    %pad/u 32;
    %cmpi/u 2499, 0, 32;
    %flag_or 5, 4; GT is !LE
    %flag_inv 5;
    %jmp/0xz  T_1.46, 5;
    %pushi/vec4 50, 0, 16;
    %ret/vec4 0, 0, 16;  Assign to sqrt (store_vec4_to_lval)
    %jmp T_1.47;
T_1.46 ;
    %load/vec4 v0x59d5dd216a50_0;
    %pad/u 32;
    %cmpi/u 2400, 0, 32;
    %flag_or 5, 4; GT is !LE
    %flag_inv 5;
    %jmp/0xz  T_1.48, 5;
    %pushi/vec4 49, 0, 16;
    %ret/vec4 0, 0, 16;  Assign to sqrt (store_vec4_to_lval)
    %jmp T_1.49;
T_1.48 ;
    %load/vec4 v0x59d5dd216a50_0;
    %pad/u 32;
    %cmpi/u 2303, 0, 32;
    %flag_or 5, 4; GT is !LE
    %flag_inv 5;
    %jmp/0xz  T_1.50, 5;
    %pushi/vec4 48, 0, 16;
    %ret/vec4 0, 0, 16;  Assign to sqrt (store_vec4_to_lval)
    %jmp T_1.51;
T_1.50 ;
    %load/vec4 v0x59d5dd216a50_0;
    %pad/u 32;
    %cmpi/u 2208, 0, 32;
    %flag_or 5, 4; GT is !LE
    %flag_inv 5;
    %jmp/0xz  T_1.52, 5;
    %pushi/vec4 47, 0, 16;
    %ret/vec4 0, 0, 16;  Assign to sqrt (store_vec4_to_lval)
    %jmp T_1.53;
T_1.52 ;
    %load/vec4 v0x59d5dd216a50_0;
    %pad/u 32;
    %cmpi/u 2115, 0, 32;
    %flag_or 5, 4; GT is !LE
    %flag_inv 5;
    %jmp/0xz  T_1.54, 5;
    %pushi/vec4 46, 0, 16;
    %ret/vec4 0, 0, 16;  Assign to sqrt (store_vec4_to_lval)
    %jmp T_1.55;
T_1.54 ;
    %load/vec4 v0x59d5dd216a50_0;
    %pad/u 32;
    %cmpi/u 2024, 0, 32;
    %flag_or 5, 4; GT is !LE
    %flag_inv 5;
    %jmp/0xz  T_1.56, 5;
    %pushi/vec4 45, 0, 16;
    %ret/vec4 0, 0, 16;  Assign to sqrt (store_vec4_to_lval)
    %jmp T_1.57;
T_1.56 ;
    %load/vec4 v0x59d5dd216a50_0;
    %pad/u 32;
    %cmpi/u 1935, 0, 32;
    %flag_or 5, 4; GT is !LE
    %flag_inv 5;
    %jmp/0xz  T_1.58, 5;
    %pushi/vec4 44, 0, 16;
    %ret/vec4 0, 0, 16;  Assign to sqrt (store_vec4_to_lval)
    %jmp T_1.59;
T_1.58 ;
    %load/vec4 v0x59d5dd216a50_0;
    %pad/u 32;
    %cmpi/u 1848, 0, 32;
    %flag_or 5, 4; GT is !LE
    %flag_inv 5;
    %jmp/0xz  T_1.60, 5;
    %pushi/vec4 43, 0, 16;
    %ret/vec4 0, 0, 16;  Assign to sqrt (store_vec4_to_lval)
    %jmp T_1.61;
T_1.60 ;
    %load/vec4 v0x59d5dd216a50_0;
    %pad/u 32;
    %cmpi/u 1763, 0, 32;
    %flag_or 5, 4; GT is !LE
    %flag_inv 5;
    %jmp/0xz  T_1.62, 5;
    %pushi/vec4 42, 0, 16;
    %ret/vec4 0, 0, 16;  Assign to sqrt (store_vec4_to_lval)
    %jmp T_1.63;
T_1.62 ;
    %load/vec4 v0x59d5dd216a50_0;
    %pad/u 32;
    %cmpi/u 1680, 0, 32;
    %flag_or 5, 4; GT is !LE
    %flag_inv 5;
    %jmp/0xz  T_1.64, 5;
    %pushi/vec4 41, 0, 16;
    %ret/vec4 0, 0, 16;  Assign to sqrt (store_vec4_to_lval)
    %jmp T_1.65;
T_1.64 ;
    %load/vec4 v0x59d5dd216a50_0;
    %pad/u 32;
    %cmpi/u 1599, 0, 32;
    %flag_or 5, 4; GT is !LE
    %flag_inv 5;
    %jmp/0xz  T_1.66, 5;
    %pushi/vec4 40, 0, 16;
    %ret/vec4 0, 0, 16;  Assign to sqrt (store_vec4_to_lval)
    %jmp T_1.67;
T_1.66 ;
    %load/vec4 v0x59d5dd216a50_0;
    %pad/u 32;
    %cmpi/u 1520, 0, 32;
    %flag_or 5, 4; GT is !LE
    %flag_inv 5;
    %jmp/0xz  T_1.68, 5;
    %pushi/vec4 39, 0, 16;
    %ret/vec4 0, 0, 16;  Assign to sqrt (store_vec4_to_lval)
    %jmp T_1.69;
T_1.68 ;
    %load/vec4 v0x59d5dd216a50_0;
    %pad/u 32;
    %cmpi/u 1443, 0, 32;
    %flag_or 5, 4; GT is !LE
    %flag_inv 5;
    %jmp/0xz  T_1.70, 5;
    %pushi/vec4 38, 0, 16;
    %ret/vec4 0, 0, 16;  Assign to sqrt (store_vec4_to_lval)
    %jmp T_1.71;
T_1.70 ;
    %load/vec4 v0x59d5dd216a50_0;
    %pad/u 32;
    %cmpi/u 1368, 0, 32;
    %flag_or 5, 4; GT is !LE
    %flag_inv 5;
    %jmp/0xz  T_1.72, 5;
    %pushi/vec4 37, 0, 16;
    %ret/vec4 0, 0, 16;  Assign to sqrt (store_vec4_to_lval)
    %jmp T_1.73;
T_1.72 ;
    %load/vec4 v0x59d5dd216a50_0;
    %pad/u 32;
    %cmpi/u 1295, 0, 32;
    %flag_or 5, 4; GT is !LE
    %flag_inv 5;
    %jmp/0xz  T_1.74, 5;
    %pushi/vec4 36, 0, 16;
    %ret/vec4 0, 0, 16;  Assign to sqrt (store_vec4_to_lval)
    %jmp T_1.75;
T_1.74 ;
    %load/vec4 v0x59d5dd216a50_0;
    %pad/u 32;
    %cmpi/u 1224, 0, 32;
    %flag_or 5, 4; GT is !LE
    %flag_inv 5;
    %jmp/0xz  T_1.76, 5;
    %pushi/vec4 35, 0, 16;
    %ret/vec4 0, 0, 16;  Assign to sqrt (store_vec4_to_lval)
    %jmp T_1.77;
T_1.76 ;
    %load/vec4 v0x59d5dd216a50_0;
    %pad/u 32;
    %cmpi/u 1155, 0, 32;
    %flag_or 5, 4; GT is !LE
    %flag_inv 5;
    %jmp/0xz  T_1.78, 5;
    %pushi/vec4 34, 0, 16;
    %ret/vec4 0, 0, 16;  Assign to sqrt (store_vec4_to_lval)
    %jmp T_1.79;
T_1.78 ;
    %load/vec4 v0x59d5dd216a50_0;
    %pad/u 32;
    %cmpi/u 1088, 0, 32;
    %flag_or 5, 4; GT is !LE
    %flag_inv 5;
    %jmp/0xz  T_1.80, 5;
    %pushi/vec4 33, 0, 16;
    %ret/vec4 0, 0, 16;  Assign to sqrt (store_vec4_to_lval)
    %jmp T_1.81;
T_1.80 ;
    %load/vec4 v0x59d5dd216a50_0;
    %pad/u 32;
    %cmpi/u 1023, 0, 32;
    %flag_or 5, 4; GT is !LE
    %flag_inv 5;
    %jmp/0xz  T_1.82, 5;
    %pushi/vec4 32, 0, 16;
    %ret/vec4 0, 0, 16;  Assign to sqrt (store_vec4_to_lval)
    %jmp T_1.83;
T_1.82 ;
    %load/vec4 v0x59d5dd216a50_0;
    %pad/u 32;
    %cmpi/u 960, 0, 32;
    %flag_or 5, 4; GT is !LE
    %flag_inv 5;
    %jmp/0xz  T_1.84, 5;
    %pushi/vec4 31, 0, 16;
    %ret/vec4 0, 0, 16;  Assign to sqrt (store_vec4_to_lval)
    %jmp T_1.85;
T_1.84 ;
    %load/vec4 v0x59d5dd216a50_0;
    %pad/u 32;
    %cmpi/u 899, 0, 32;
    %flag_or 5, 4; GT is !LE
    %flag_inv 5;
    %jmp/0xz  T_1.86, 5;
    %pushi/vec4 30, 0, 16;
    %ret/vec4 0, 0, 16;  Assign to sqrt (store_vec4_to_lval)
    %jmp T_1.87;
T_1.86 ;
    %load/vec4 v0x59d5dd216a50_0;
    %pad/u 32;
    %cmpi/u 840, 0, 32;
    %flag_or 5, 4; GT is !LE
    %flag_inv 5;
    %jmp/0xz  T_1.88, 5;
    %pushi/vec4 29, 0, 16;
    %ret/vec4 0, 0, 16;  Assign to sqrt (store_vec4_to_lval)
    %jmp T_1.89;
T_1.88 ;
    %load/vec4 v0x59d5dd216a50_0;
    %pad/u 32;
    %cmpi/u 783, 0, 32;
    %flag_or 5, 4; GT is !LE
    %flag_inv 5;
    %jmp/0xz  T_1.90, 5;
    %pushi/vec4 28, 0, 16;
    %ret/vec4 0, 0, 16;  Assign to sqrt (store_vec4_to_lval)
    %jmp T_1.91;
T_1.90 ;
    %load/vec4 v0x59d5dd216a50_0;
    %pad/u 32;
    %cmpi/u 728, 0, 32;
    %flag_or 5, 4; GT is !LE
    %flag_inv 5;
    %jmp/0xz  T_1.92, 5;
    %pushi/vec4 27, 0, 16;
    %ret/vec4 0, 0, 16;  Assign to sqrt (store_vec4_to_lval)
    %jmp T_1.93;
T_1.92 ;
    %load/vec4 v0x59d5dd216a50_0;
    %pad/u 32;
    %cmpi/u 675, 0, 32;
    %flag_or 5, 4; GT is !LE
    %flag_inv 5;
    %jmp/0xz  T_1.94, 5;
    %pushi/vec4 26, 0, 16;
    %ret/vec4 0, 0, 16;  Assign to sqrt (store_vec4_to_lval)
    %jmp T_1.95;
T_1.94 ;
    %load/vec4 v0x59d5dd216a50_0;
    %pad/u 32;
    %cmpi/u 624, 0, 32;
    %flag_or 5, 4; GT is !LE
    %flag_inv 5;
    %jmp/0xz  T_1.96, 5;
    %pushi/vec4 25, 0, 16;
    %ret/vec4 0, 0, 16;  Assign to sqrt (store_vec4_to_lval)
    %jmp T_1.97;
T_1.96 ;
    %load/vec4 v0x59d5dd216a50_0;
    %pad/u 32;
    %cmpi/u 575, 0, 32;
    %flag_or 5, 4; GT is !LE
    %flag_inv 5;
    %jmp/0xz  T_1.98, 5;
    %pushi/vec4 24, 0, 16;
    %ret/vec4 0, 0, 16;  Assign to sqrt (store_vec4_to_lval)
    %jmp T_1.99;
T_1.98 ;
    %load/vec4 v0x59d5dd216a50_0;
    %pad/u 32;
    %cmpi/u 528, 0, 32;
    %flag_or 5, 4; GT is !LE
    %flag_inv 5;
    %jmp/0xz  T_1.100, 5;
    %pushi/vec4 23, 0, 16;
    %ret/vec4 0, 0, 16;  Assign to sqrt (store_vec4_to_lval)
    %jmp T_1.101;
T_1.100 ;
    %load/vec4 v0x59d5dd216a50_0;
    %pad/u 32;
    %cmpi/u 483, 0, 32;
    %flag_or 5, 4; GT is !LE
    %flag_inv 5;
    %jmp/0xz  T_1.102, 5;
    %pushi/vec4 22, 0, 16;
    %ret/vec4 0, 0, 16;  Assign to sqrt (store_vec4_to_lval)
    %jmp T_1.103;
T_1.102 ;
    %load/vec4 v0x59d5dd216a50_0;
    %pad/u 32;
    %cmpi/u 440, 0, 32;
    %flag_or 5, 4; GT is !LE
    %flag_inv 5;
    %jmp/0xz  T_1.104, 5;
    %pushi/vec4 21, 0, 16;
    %ret/vec4 0, 0, 16;  Assign to sqrt (store_vec4_to_lval)
    %jmp T_1.105;
T_1.104 ;
    %load/vec4 v0x59d5dd216a50_0;
    %pad/u 32;
    %cmpi/u 399, 0, 32;
    %flag_or 5, 4; GT is !LE
    %flag_inv 5;
    %jmp/0xz  T_1.106, 5;
    %pushi/vec4 20, 0, 16;
    %ret/vec4 0, 0, 16;  Assign to sqrt (store_vec4_to_lval)
    %jmp T_1.107;
T_1.106 ;
    %load/vec4 v0x59d5dd216a50_0;
    %pad/u 32;
    %cmpi/u 360, 0, 32;
    %flag_or 5, 4; GT is !LE
    %flag_inv 5;
    %jmp/0xz  T_1.108, 5;
    %pushi/vec4 19, 0, 16;
    %ret/vec4 0, 0, 16;  Assign to sqrt (store_vec4_to_lval)
    %jmp T_1.109;
T_1.108 ;
    %load/vec4 v0x59d5dd216a50_0;
    %pad/u 32;
    %cmpi/u 323, 0, 32;
    %flag_or 5, 4; GT is !LE
    %flag_inv 5;
    %jmp/0xz  T_1.110, 5;
    %pushi/vec4 18, 0, 16;
    %ret/vec4 0, 0, 16;  Assign to sqrt (store_vec4_to_lval)
    %jmp T_1.111;
T_1.110 ;
    %load/vec4 v0x59d5dd216a50_0;
    %pad/u 32;
    %cmpi/u 288, 0, 32;
    %flag_or 5, 4; GT is !LE
    %flag_inv 5;
    %jmp/0xz  T_1.112, 5;
    %pushi/vec4 17, 0, 16;
    %ret/vec4 0, 0, 16;  Assign to sqrt (store_vec4_to_lval)
    %jmp T_1.113;
T_1.112 ;
    %load/vec4 v0x59d5dd216a50_0;
    %pad/u 32;
    %cmpi/u 255, 0, 32;
    %flag_or 5, 4; GT is !LE
    %flag_inv 5;
    %jmp/0xz  T_1.114, 5;
    %pushi/vec4 16, 0, 16;
    %ret/vec4 0, 0, 16;  Assign to sqrt (store_vec4_to_lval)
    %jmp T_1.115;
T_1.114 ;
    %load/vec4 v0x59d5dd216a50_0;
    %pad/u 32;
    %cmpi/u 224, 0, 32;
    %flag_or 5, 4; GT is !LE
    %flag_inv 5;
    %jmp/0xz  T_1.116, 5;
    %pushi/vec4 15, 0, 16;
    %ret/vec4 0, 0, 16;  Assign to sqrt (store_vec4_to_lval)
    %jmp T_1.117;
T_1.116 ;
    %load/vec4 v0x59d5dd216a50_0;
    %pad/u 32;
    %cmpi/u 195, 0, 32;
    %flag_or 5, 4; GT is !LE
    %flag_inv 5;
    %jmp/0xz  T_1.118, 5;
    %pushi/vec4 14, 0, 16;
    %ret/vec4 0, 0, 16;  Assign to sqrt (store_vec4_to_lval)
    %jmp T_1.119;
T_1.118 ;
    %load/vec4 v0x59d5dd216a50_0;
    %pad/u 32;
    %cmpi/u 168, 0, 32;
    %flag_or 5, 4; GT is !LE
    %flag_inv 5;
    %jmp/0xz  T_1.120, 5;
    %pushi/vec4 13, 0, 16;
    %ret/vec4 0, 0, 16;  Assign to sqrt (store_vec4_to_lval)
    %jmp T_1.121;
T_1.120 ;
    %load/vec4 v0x59d5dd216a50_0;
    %pad/u 32;
    %cmpi/u 143, 0, 32;
    %flag_or 5, 4; GT is !LE
    %flag_inv 5;
    %jmp/0xz  T_1.122, 5;
    %pushi/vec4 12, 0, 16;
    %ret/vec4 0, 0, 16;  Assign to sqrt (store_vec4_to_lval)
    %jmp T_1.123;
T_1.122 ;
    %load/vec4 v0x59d5dd216a50_0;
    %pad/u 32;
    %cmpi/u 120, 0, 32;
    %flag_or 5, 4; GT is !LE
    %flag_inv 5;
    %jmp/0xz  T_1.124, 5;
    %pushi/vec4 11, 0, 16;
    %ret/vec4 0, 0, 16;  Assign to sqrt (store_vec4_to_lval)
    %jmp T_1.125;
T_1.124 ;
    %load/vec4 v0x59d5dd216a50_0;
    %pad/u 32;
    %cmpi/u 99, 0, 32;
    %flag_or 5, 4; GT is !LE
    %flag_inv 5;
    %jmp/0xz  T_1.126, 5;
    %pushi/vec4 10, 0, 16;
    %ret/vec4 0, 0, 16;  Assign to sqrt (store_vec4_to_lval)
    %jmp T_1.127;
T_1.126 ;
    %load/vec4 v0x59d5dd216a50_0;
    %pad/u 32;
    %cmpi/u 80, 0, 32;
    %flag_or 5, 4; GT is !LE
    %flag_inv 5;
    %jmp/0xz  T_1.128, 5;
    %pushi/vec4 9, 0, 16;
    %ret/vec4 0, 0, 16;  Assign to sqrt (store_vec4_to_lval)
    %jmp T_1.129;
T_1.128 ;
    %load/vec4 v0x59d5dd216a50_0;
    %pad/u 32;
    %cmpi/u 63, 0, 32;
    %flag_or 5, 4; GT is !LE
    %flag_inv 5;
    %jmp/0xz  T_1.130, 5;
    %pushi/vec4 8, 0, 16;
    %ret/vec4 0, 0, 16;  Assign to sqrt (store_vec4_to_lval)
    %jmp T_1.131;
T_1.130 ;
    %load/vec4 v0x59d5dd216a50_0;
    %pad/u 32;
    %cmpi/u 48, 0, 32;
    %flag_or 5, 4; GT is !LE
    %flag_inv 5;
    %jmp/0xz  T_1.132, 5;
    %pushi/vec4 7, 0, 16;
    %ret/vec4 0, 0, 16;  Assign to sqrt (store_vec4_to_lval)
    %jmp T_1.133;
T_1.132 ;
    %load/vec4 v0x59d5dd216a50_0;
    %pad/u 32;
    %cmpi/u 35, 0, 32;
    %flag_or 5, 4; GT is !LE
    %flag_inv 5;
    %jmp/0xz  T_1.134, 5;
    %pushi/vec4 6, 0, 16;
    %ret/vec4 0, 0, 16;  Assign to sqrt (store_vec4_to_lval)
    %jmp T_1.135;
T_1.134 ;
    %load/vec4 v0x59d5dd216a50_0;
    %pad/u 32;
    %cmpi/u 24, 0, 32;
    %flag_or 5, 4; GT is !LE
    %flag_inv 5;
    %jmp/0xz  T_1.136, 5;
    %pushi/vec4 5, 0, 16;
    %ret/vec4 0, 0, 16;  Assign to sqrt (store_vec4_to_lval)
    %jmp T_1.137;
T_1.136 ;
    %load/vec4 v0x59d5dd216a50_0;
    %pad/u 32;
    %cmpi/u 15, 0, 32;
    %flag_or 5, 4; GT is !LE
    %flag_inv 5;
    %jmp/0xz  T_1.138, 5;
    %pushi/vec4 4, 0, 16;
    %ret/vec4 0, 0, 16;  Assign to sqrt (store_vec4_to_lval)
    %jmp T_1.139;
T_1.138 ;
    %load/vec4 v0x59d5dd216a50_0;
    %pad/u 32;
    %cmpi/u 8, 0, 32;
    %flag_or 5, 4; GT is !LE
    %flag_inv 5;
    %jmp/0xz  T_1.140, 5;
    %pushi/vec4 3, 0, 16;
    %ret/vec4 0, 0, 16;  Assign to sqrt (store_vec4_to_lval)
    %jmp T_1.141;
T_1.140 ;
    %load/vec4 v0x59d5dd216a50_0;
    %pad/u 32;
    %cmpi/u 3, 0, 32;
    %flag_or 5, 4; GT is !LE
    %flag_inv 5;
    %jmp/0xz  T_1.142, 5;
    %pushi/vec4 2, 0, 16;
    %ret/vec4 0, 0, 16;  Assign to sqrt (store_vec4_to_lval)
    %jmp T_1.143;
T_1.142 ;
    %load/vec4 v0x59d5dd216a50_0;
    %pad/u 32;
    %cmpi/u 0, 0, 32;
    %flag_or 5, 4; GT is !LE
    %flag_inv 5;
    %jmp/0xz  T_1.144, 5;
    %pushi/vec4 1, 0, 16;
    %ret/vec4 0, 0, 16;  Assign to sqrt (store_vec4_to_lval)
    %jmp T_1.145;
T_1.144 ;
    %pushi/vec4 0, 0, 16;
    %ret/vec4 0, 0, 16;  Assign to sqrt (store_vec4_to_lval)
T_1.145 ;
T_1.143 ;
T_1.141 ;
T_1.139 ;
T_1.137 ;
T_1.135 ;
T_1.133 ;
T_1.131 ;
T_1.129 ;
T_1.127 ;
T_1.125 ;
T_1.123 ;
T_1.121 ;
T_1.119 ;
T_1.117 ;
T_1.115 ;
T_1.113 ;
T_1.111 ;
T_1.109 ;
T_1.107 ;
T_1.105 ;
T_1.103 ;
T_1.101 ;
T_1.99 ;
T_1.97 ;
T_1.95 ;
T_1.93 ;
T_1.91 ;
T_1.89 ;
T_1.87 ;
T_1.85 ;
T_1.83 ;
T_1.81 ;
T_1.79 ;
T_1.77 ;
T_1.75 ;
T_1.73 ;
T_1.71 ;
T_1.69 ;
T_1.67 ;
T_1.65 ;
T_1.63 ;
T_1.61 ;
T_1.59 ;
T_1.57 ;
T_1.55 ;
T_1.53 ;
T_1.51 ;
T_1.49 ;
T_1.47 ;
T_1.45 ;
T_1.43 ;
T_1.41 ;
T_1.39 ;
T_1.37 ;
T_1.35 ;
T_1.33 ;
T_1.31 ;
T_1.29 ;
T_1.27 ;
T_1.25 ;
T_1.23 ;
T_1.21 ;
T_1.19 ;
    %end;
    .scope S_0x59d5dd215a50;
T_2 ;
    %pushi/vec4 1048641, 0, 32;
    %ix/load 4, 0, 0;
    %flag_set/imm 4, 0;
    %store/vec4a v0x59d5dd2195f0, 4, 0;
    %pushi/vec4 1048706, 0, 32;
    %ix/load 4, 1, 0;
    %flag_set/imm 4, 0;
    %store/vec4a v0x59d5dd2195f0, 4, 0;
    %pushi/vec4 3, 0, 32;
    %ix/load 4, 2, 0;
    %flag_set/imm 4, 0;
    %store/vec4a v0x59d5dd2195f0, 4, 0;
    %pushi/vec4 260, 0, 32;
    %ix/load 4, 3, 0;
    %flag_set/imm 4, 0;
    %store/vec4a v0x59d5dd2195f0, 4, 0;
    %pushi/vec4 517, 0, 32;
    %ix/load 4, 4, 0;
    %flag_set/imm 4, 0;
    %store/vec4a v0x59d5dd2195f0, 4, 0;
    %pushi/vec4 774, 0, 32;
    %ix/load 4, 5, 0;
    %flag_set/imm 4, 0;
    %store/vec4a v0x59d5dd2195f0, 4, 0;
    %pushi/vec4 13697031, 0, 32;
    %ix/load 4, 6, 0;
    %flag_set/imm 4, 0;
    %store/vec4a v0x59d5dd2195f0, 4, 0;
    %pushi/vec4 4104, 0, 32;
    %ix/load 4, 7, 0;
    %flag_set/imm 4, 0;
    %store/vec4a v0x59d5dd2195f0, 4, 0;
    %pushi/vec4 4361, 0, 32;
    %ix/load 4, 8, 0;
    %flag_set/imm 4, 0;
    %store/vec4a v0x59d5dd2195f0, 4, 0;
    %pushi/vec4 4618, 0, 32;
    %ix/load 4, 9, 0;
    %flag_set/imm 4, 0;
    %store/vec4a v0x59d5dd2195f0, 4, 0;
    %pushi/vec4 4875, 0, 32;
    %ix/load 4, 10, 0;
    %flag_set/imm 4, 0;
    %store/vec4a v0x59d5dd2195f0, 4, 0;
    %pushi/vec4 9502732, 0, 32;
    %ix/load 4, 11, 0;
    %flag_set/imm 4, 0;
    %store/vec4a v0x59d5dd2195f0, 4, 0;
    %pushi/vec4 1037, 0, 32;
    %ix/load 4, 12, 0;
    %flag_set/imm 4, 0;
    %store/vec4a v0x59d5dd2195f0, 4, 0;
    %pushi/vec4 1294, 0, 32;
    %ix/load 4, 13, 0;
    %flag_set/imm 4, 0;
    %store/vec4a v0x59d5dd2195f0, 4, 0;
    %pushi/vec4 1551, 0, 32;
    %ix/load 4, 14, 0;
    %flag_set/imm 4, 0;
    %store/vec4a v0x59d5dd2195f0, 4, 0;
    %pushi/vec4 1808, 0, 32;
    %ix/load 4, 15, 0;
    %flag_set/imm 4, 0;
    %store/vec4a v0x59d5dd2195f0, 4, 0;
    %pushi/vec4 269746193, 0, 32;
    %ix/load 4, 16, 0;
    %flag_set/imm 4, 0;
    %store/vec4a v0x59d5dd2195f0, 4, 0;
    %pushi/vec4 2158100497, 0, 32;
    %ix/load 4, 17, 0;
    %flag_set/imm 4, 0;
    %store/vec4a v0x59d5dd2195f0, 4, 0;
    %pushi/vec4 2483585042, 0, 32;
    %ix/load 4, 18, 0;
    %flag_set/imm 4, 0;
    %store/vec4a v0x59d5dd2195f0, 4, 0;
    %pushi/vec4 957392916, 0, 32;
    %ix/load 4, 19, 0;
    %flag_set/imm 4, 0;
    %store/vec4a v0x59d5dd2195f0, 4, 0;
    %pushi/vec4 957392916, 0, 32;
    %ix/load 4, 20, 0;
    %flag_set/imm 4, 0;
    %store/vec4a v0x59d5dd2195f0, 4, 0;
    %pushi/vec4 1242327060, 0, 32;
    %ix/load 4, 21, 0;
    %flag_set/imm 4, 0;
    %store/vec4a v0x59d5dd2195f0, 4, 0;
    %pushi/vec4 1509976084, 0, 32;
    %ix/load 4, 22, 0;
    %flag_set/imm 4, 0;
    %store/vec4a v0x59d5dd2195f0, 4, 0;
    %pushi/vec4 1509976084, 0, 32;
    %ix/load 4, 23, 0;
    %flag_set/imm 4, 0;
    %store/vec4a v0x59d5dd2195f0, 4, 0;
    %pushi/vec4 1509976084, 0, 32;
    %ix/load 4, 24, 0;
    %flag_set/imm 4, 0;
    %store/vec4a v0x59d5dd2195f0, 4, 0;
    %end;
    .thread T_2;
    .scope S_0x59d5dd215a50;
T_3 ;
    %wait E_0x59d5dd1bc8e0;
    %load/vec4 v0x59d5dd219530_0;
    %nor/r;
    %flag_set/vec4 8;
    %jmp/0xz  T_3.0, 8;
    %pushi/vec4 0, 0, 5;
    %assign/vec4 v0x59d5dd218d90_0, 0;
    %pushi/vec4 0, 0, 1;
    %assign/vec4 v0x59d5dd2180a0_0, 0;
    %pushi/vec4 0, 0, 1;
    %assign/vec4 v0x59d5dd2184a0_0, 0;
    %jmp T_3.1;
T_3.0 ;
    %load/vec4 v0x59d5dd218d90_0;
    %cmpi/u 24, 0, 5;
    %flag_get/vec4 5;
    %jmp/0 T_3.4, 5;
    %load/vec4 v0x59d5dd2199f0_0;
    %flag_set/vec4 9;
    %flag_get/vec4 9;
    %jmp/1 T_3.5, 9;
    %load/vec4 v0x59d5dd2180a0_0;
    %or;
T_3.5;
    %and;
T_3.4;
    %flag_set/vec4 8;
    %jmp/0xz  T_3.2, 8;
    %pushi/vec4 1, 0, 1;
    %assign/vec4 v0x59d5dd2180a0_0, 0;
    %load/vec4 v0x59d5dd218d90_0;
    %addi 1, 0, 5;
    %assign/vec4 v0x59d5dd218d90_0, 0;
    %jmp T_3.3;
T_3.2 ;
    %pushi/vec4 0, 0, 1;
    %assign/vec4 v0x59d5dd2180a0_0, 0;
    %load/vec4 v0x59d5dd218d90_0;
    %pad/u 32;
    %cmpi/u 24, 0, 32;
    %flag_inv 5; GE is !LT
    %jmp/0xz  T_3.6, 5;
    %pushi/vec4 1, 0, 1;
    %assign/vec4 v0x59d5dd2184a0_0, 0;
T_3.6 ;
T_3.3 ;
T_3.1 ;
    %jmp T_3;
    .thread T_3;
    .scope S_0x59d5dd215a50;
T_4 ;
Ewait_0 .event/or E_0x59d5dd1985c0, E_0x0;
    %wait Ewait_0;
    %load/vec4 v0x59d5dd219ab0_0;
    %pad/u 4;
    %ix/vec4 4;
    %load/vec4a v0x59d5dd216c30, 4;
    %store/vec4 v0x59d5dd217a00_0, 0, 8;
    %load/vec4 v0x59d5dd219ab0_0;
    %pad/u 4;
    %ix/vec4 4;
    %load/vec4a v0x59d5dd216e30, 4;
    %store/vec4 v0x59d5dd217f00_0, 0, 8;
    %load/vec4 v0x59d5dd218bd0_0;
    %dup/vec4;
    %pushi/vec4 0, 0, 2;
    %cmp/u;
    %jmp/1 T_4.0, 6;
    %dup/vec4;
    %pushi/vec4 1, 0, 2;
    %cmp/u;
    %jmp/1 T_4.1, 6;
    %dup/vec4;
    %pushi/vec4 2, 0, 2;
    %cmp/u;
    %jmp/1 T_4.2, 6;
    %dup/vec4;
    %pushi/vec4 3, 0, 2;
    %cmp/u;
    %jmp/1 T_4.3, 6;
    %load/vec4 v0x59d5dd217a00_0;
    %store/vec4 v0x59d5dd218a10_0, 0, 8;
    %jmp T_4.5;
T_4.0 ;
    %load/vec4 v0x59d5dd217a00_0;
    %store/vec4 v0x59d5dd218a10_0, 0, 8;
    %jmp T_4.5;
T_4.1 ;
    %load/vec4 v0x59d5dd217f00_0;
    %store/vec4 v0x59d5dd218a10_0, 0, 8;
    %jmp T_4.5;
T_4.2 ;
    %load/vec4 v0x59d5dd217160_0;
    %pad/u 8;
    %store/vec4 v0x59d5dd218a10_0, 0, 8;
    %jmp T_4.5;
T_4.3 ;
    %jmp T_4.5;
T_4.5 ;
    %pop/vec4 1;
    %load/vec4 v0x59d5dd218cb0_0;
    %dup/vec4;
    %pushi/vec4 0, 0, 2;
    %cmp/u;
    %jmp/1 T_4.6, 6;
    %dup/vec4;
    %pushi/vec4 1, 0, 2;
    %cmp/u;
    %jmp/1 T_4.7, 6;
    %dup/vec4;
    %pushi/vec4 2, 0, 2;
    %cmp/u;
    %jmp/1 T_4.8, 6;
    %dup/vec4;
    %pushi/vec4 3, 0, 2;
    %cmp/u;
    %jmp/1 T_4.9, 6;
    %load/vec4 v0x59d5dd217a00_0;
    %store/vec4 v0x59d5dd218a10_0, 0, 8;
    %jmp T_4.11;
T_4.6 ;
    %load/vec4 v0x59d5dd217f00_0;
    %store/vec4 v0x59d5dd218af0_0, 0, 8;
    %jmp T_4.11;
T_4.7 ;
    %load/vec4 v0x59d5dd217a00_0;
    %store/vec4 v0x59d5dd218af0_0, 0, 8;
    %jmp T_4.11;
T_4.8 ;
    %load/vec4 v0x59d5dd2174c0_0;
    %pad/u 8;
    %store/vec4 v0x59d5dd218af0_0, 0, 8;
    %jmp T_4.11;
T_4.9 ;
    %jmp T_4.11;
T_4.11 ;
    %pop/vec4 1;
    %load/vec4 v0x59d5dd218a10_0;
    %pad/u 16;
    %load/vec4 v0x59d5dd218af0_0;
    %pad/u 16;
    %mul;
    %store/vec4 v0x59d5dd218640_0, 0, 16;
    %load/vec4 v0x59d5dd2174c0_0;
    %pad/u 32;
    %cmpi/ne 0, 0, 32;
    %jmp/0xz  T_4.12, 4;
    %alloc S_0x59d5dd215db0;
    %load/vec4 v0x59d5dd217160_0;
    %load/vec4 v0x59d5dd2174c0_0;
    %load/vec4 v0x59d5dd218d90_0;
    %store/vec4 v0x59d5dd2166e0_0, 0, 5;
    %store/vec4 v0x59d5dd216600_0, 0, 16;
    %store/vec4 v0x59d5dd216440_0, 0, 16;
    %callf/vec4 TD_tb_control_store_directed.dut.divider, S_0x59d5dd215db0;
    %free S_0x59d5dd215db0;
    %pad/u 16;
    %store/vec4 v0x59d5dd218300_0, 0, 16;
    %jmp T_4.13;
T_4.12 ;
    %pushi/vec4 32767, 0, 16;
    %store/vec4 v0x59d5dd218300_0, 0, 16;
T_4.13 ;
    %load/vec4 v0x59d5dd219870_0;
    %dup/vec4;
    %pushi/vec4 0, 0, 1;
    %cmp/u;
    %jmp/1 T_4.14, 6;
    %dup/vec4;
    %pushi/vec4 1, 0, 1;
    %cmp/u;
    %jmp/1 T_4.15, 6;
    %jmp T_4.16;
T_4.14 ;
    %load/vec4 v0x59d5dd217160_0;
    %store/vec4 v0x59d5dd2196b0_0, 0, 16;
    %jmp T_4.16;
T_4.15 ;
    %load/vec4 v0x59d5dd2174c0_0;
    %store/vec4 v0x59d5dd2196b0_0, 0, 16;
    %jmp T_4.16;
T_4.16 ;
    %pop/vec4 1;
    %alloc S_0x59d5dd2167c0;
    %load/vec4 v0x59d5dd2196b0_0;
    %store/vec4 v0x59d5dd216a50_0, 0, 16;
    %callf/vec4 TD_tb_control_store_directed.dut.sqrt, S_0x59d5dd2167c0;
    %free S_0x59d5dd2167c0;
    %store/vec4 v0x59d5dd219790_0, 0, 16;
    %load/vec4 v0x59d5dd218640_0;
    %load/vec4 v0x59d5dd217e20_0;
    %add;
    %store/vec4 v0x59d5dd217c60_0, 0, 16;
    %load/vec4 v0x59d5dd217c60_0;
    %load/vec4 v0x59d5dd217d40_0;
    %inv;
    %and;
    %store/vec4 v0x59d5dd217c60_0, 0, 16;
    %load/vec4 v0x59d5dd218f50_0;
    %dup/vec4;
    %pushi/vec4 0, 0, 2;
    %cmp/u;
    %jmp/1 T_4.17, 6;
    %dup/vec4;
    %pushi/vec4 1, 0, 2;
    %cmp/u;
    %jmp/1 T_4.18, 6;
    %dup/vec4;
    %pushi/vec4 2, 0, 2;
    %cmp/u;
    %jmp/1 T_4.19, 6;
    %dup/vec4;
    %pushi/vec4 3, 0, 2;
    %cmp/u;
    %jmp/1 T_4.20, 6;
    %jmp T_4.22;
T_4.17 ;
    %load/vec4 v0x59d5dd218640_0;
    %store/vec4 v0x59d5dd217080_0, 0, 16;
    %jmp T_4.22;
T_4.18 ;
    %load/vec4 v0x59d5dd217e20_0;
    %store/vec4 v0x59d5dd217080_0, 0, 16;
    %jmp T_4.22;
T_4.19 ;
    %load/vec4 v0x59d5dd219790_0;
    %store/vec4 v0x59d5dd217080_0, 0, 16;
    %jmp T_4.22;
T_4.20 ;
    %jmp T_4.22;
T_4.22 ;
    %pop/vec4 1;
    %load/vec4 v0x59d5dd2192b0_0;
    %dup/vec4;
    %pushi/vec4 0, 0, 2;
    %cmp/u;
    %jmp/1 T_4.23, 6;
    %dup/vec4;
    %pushi/vec4 1, 0, 2;
    %cmp/u;
    %jmp/1 T_4.24, 6;
    %dup/vec4;
    %pushi/vec4 2, 0, 2;
    %cmp/u;
    %jmp/1 T_4.25, 6;
    %dup/vec4;
    %pushi/vec4 3, 0, 2;
    %cmp/u;
    %jmp/1 T_4.26, 6;
    %jmp T_4.28;
T_4.23 ;
    %load/vec4 v0x59d5dd218640_0;
    %store/vec4 v0x59d5dd2173e0_0, 0, 16;
    %jmp T_4.28;
T_4.24 ;
    %load/vec4 v0x59d5dd217e20_0;
    %store/vec4 v0x59d5dd2173e0_0, 0, 16;
    %jmp T_4.28;
T_4.25 ;
    %load/vec4 v0x59d5dd219790_0;
    %store/vec4 v0x59d5dd2173e0_0, 0, 16;
    %jmp T_4.28;
T_4.26 ;
    %jmp T_4.28;
T_4.28 ;
    %pop/vec4 1;
    %jmp T_4;
    .thread T_4, $push;
    .scope S_0x59d5dd215a50;
T_5 ;
    %wait E_0x59d5dd1bc8e0;
    %load/vec4 v0x59d5dd219530_0;
    %nor/r;
    %flag_set/vec4 8;
    %jmp/0xz  T_5.0, 8;
    %pushi/vec4 0, 0, 16;
    %assign/vec4 v0x59d5dd217e20_0, 0;
    %pushi/vec4 0, 0, 16;
    %assign/vec4 v0x59d5dd217160_0, 0;
    %pushi/vec4 0, 0, 16;
    %assign/vec4 v0x59d5dd2174c0_0, 0;
    %pushi/vec4 0, 0, 16;
    %assign/vec4 v0x59d5dd218220_0, 0;
    %jmp T_5.1;
T_5.0 ;
    %load/vec4 v0x59d5dd217ba0_0;
    %flag_set/vec4 8;
    %jmp/0xz  T_5.2, 8;
    %pushi/vec4 0, 0, 16;
    %assign/vec4 v0x59d5dd217e20_0, 0;
T_5.2 ;
    %load/vec4 v0x59d5dd217c60_0;
    %assign/vec4 v0x59d5dd217e20_0, 0;
    %load/vec4 v0x59d5dd219110_0;
    %flag_set/vec4 8;
    %jmp/0xz  T_5.4, 8;
    %load/vec4 v0x59d5dd217080_0;
    %load/vec4 v0x59d5dd219030_0;
    %pad/u 4;
    %ix/vec4 3;
    %ix/load 4, 0, 0; Constant delay
    %assign/vec4/a/d v0x59d5dd216f70, 0, 4;
T_5.4 ;
    %load/vec4 v0x59d5dd219470_0;
    %flag_set/vec4 8;
    %jmp/0xz  T_5.6, 8;
    %load/vec4 v0x59d5dd2173e0_0;
    %load/vec4 v0x59d5dd219390_0;
    %pad/u 4;
    %ix/vec4 3;
    %ix/load 4, 0, 0; Constant delay
    %assign/vec4/a/d v0x59d5dd217320, 0, 4;
T_5.6 ;
    %load/vec4 v0x59d5dd218e70_0;
    %pad/u 4;
    %ix/vec4 4;
    %load/vec4a v0x59d5dd216f70, 4;
    %assign/vec4 v0x59d5dd217160_0, 0;
    %load/vec4 v0x59d5dd2191d0_0;
    %pad/u 4;
    %ix/vec4 4;
    %load/vec4a v0x59d5dd217320, 4;
    %assign/vec4 v0x59d5dd2174c0_0, 0;
    %load/vec4 v0x59d5dd218d90_0;
    %pad/u 32;
    %cmpi/e 23, 0, 32;
    %jmp/0xz  T_5.8, 4;
    %load/vec4 v0x59d5dd218300_0;
    %assign/vec4 v0x59d5dd218220_0, 0;
T_5.8 ;
T_5.1 ;
    %jmp T_5;
    .thread T_5;
    .scope S_0x59d5dd1e6b50;
T_6 ;
    %pushi/vec4 0, 0, 1;
    %store/vec4 v0x59d5dd219f50_0, 0, 1;
    %end;
    .thread T_6;
    .scope S_0x59d5dd1e6b50;
T_7 ;
    %delay 50000, 0;
    %load/vec4 v0x59d5dd219f50_0;
    %inv;
    %store/vec4 v0x59d5dd219f50_0, 0, 1;
    %jmp T_7;
    .thread T_7;
    .scope S_0x59d5dd1e6b50;
T_8 ;
    %pushi/vec4 16909060, 0, 32;
    %ix/load 4, 0, 0;
    %flag_set/imm 4, 0;
    %store/vec4a v0x59d5dd219c70, 4, 0;
    %pushi/vec4 2139127680, 0, 32;
    %ix/load 4, 1, 0;
    %flag_set/imm 4, 0;
    %store/vec4a v0x59d5dd219c70, 4, 0;
    %pushi/vec4 16777216, 0, 32;
    %ix/load 4, 2, 0;
    %flag_set/imm 4, 0;
    %store/vec4a v0x59d5dd219c70, 4, 0;
    %pushi/vec4 33521536, 0, 32;
    %ix/load 4, 3, 0;
    %flag_set/imm 4, 0;
    %store/vec4a v0x59d5dd219c70, 4, 0;
    %pushi/vec4 2130771840, 0, 32;
    %ix/load 4, 4, 0;
    %flag_set/imm 4, 0;
    %store/vec4a v0x59d5dd219c70, 4, 0;
    %pushi/vec4 2139062143, 0, 32;
    %ix/load 4, 5, 0;
    %flag_set/imm 4, 0;
    %store/vec4a v0x59d5dd219c70, 4, 0;
    %pushi/vec4 4294967295, 0, 32;
    %ix/load 4, 6, 0;
    %flag_set/imm 4, 0;
    %store/vec4a v0x59d5dd219c70, 4, 0;
    %pushi/vec4 16909060, 0, 32;
    %ix/load 4, 0, 0;
    %flag_set/imm 4, 0;
    %store/vec4a v0x59d5dd219e10, 4, 0;
    %pushi/vec4 2155839615, 0, 32;
    %ix/load 4, 1, 0;
    %flag_set/imm 4, 0;
    %store/vec4a v0x59d5dd219e10, 4, 0;
    %pushi/vec4 65536, 0, 32;
    %ix/load 4, 2, 0;
    %flag_set/imm 4, 0;
    %store/vec4a v0x59d5dd219e10, 4, 0;
    %pushi/vec4 2155872001, 0, 32;
    %ix/load 4, 3, 0;
    %flag_set/imm 4, 0;
    %store/vec4a v0x59d5dd219e10, 4, 0;
    %pushi/vec4 2164195455, 0, 32;
    %ix/load 4, 4, 0;
    %flag_set/imm 4, 0;
    %store/vec4a v0x59d5dd219e10, 4, 0;
    %pushi/vec4 2139062143, 0, 32;
    %ix/load 4, 5, 0;
    %flag_set/imm 4, 0;
    %store/vec4a v0x59d5dd219e10, 4, 0;
    %pushi/vec4 16843009, 0, 32;
    %ix/load 4, 6, 0;
    %flag_set/imm 4, 0;
    %store/vec4a v0x59d5dd219e10, 4, 0;
    %pushi/str "Same vector";
    %ix/load 4, 0, 0;
    %flag_set/imm 4, 0;
    %store/stra v0x59d5dd21a190, 4;
    %pushi/str "Alternating pos/neg";
    %ix/load 4, 1, 0;
    %flag_set/imm 4, 0;
    %store/stra v0x59d5dd21a190, 4;
    %pushi/str "Orthogonal-like";
    %ix/load 4, 2, 0;
    %flag_set/imm 4, 0;
    %store/stra v0x59d5dd21a190, 4;
    %pushi/str "Spread edges";
    %ix/load 4, 3, 0;
    %flag_set/imm 4, 0;
    %store/stra v0x59d5dd21a190, 4;
    %pushi/str "Mixed signs";
    %ix/load 4, 4, 0;
    %flag_set/imm 4, 0;
    %store/stra v0x59d5dd21a190, 4;
    %pushi/str "Max positive alignment";
    %ix/load 4, 5, 0;
    %flag_set/imm 4, 0;
    %store/stra v0x59d5dd21a190, 4;
    %pushi/str "Opposite direction";
    %ix/load 4, 6, 0;
    %flag_set/imm 4, 0;
    %store/stra v0x59d5dd21a190, 4;
    %end;
    .thread T_8;
    .scope S_0x59d5dd1e6b50;
T_9 ;
    %vpi_call/w 3 62 "$display", "=== Starting Cosine Similarity Directed Tests ===" {0 0 0};
    %fork t_1, S_0x59d5dd1e4ef0;
    %jmp t_0;
    .scope S_0x59d5dd1e4ef0;
t_1 ;
    %pushi/vec4 0, 0, 32;
    %store/vec4 v0x59d5dd1ebe60_0, 0, 32;
T_9.0 ; Top of for-loop
    %load/vec4 v0x59d5dd1ebe60_0;
    %cmpi/s 7, 0, 32;
	  %jmp/0xz T_9.1, 5;
    %pushi/vec4 0, 0, 1;
    %store/vec4 v0x59d5dd21a230_0, 0, 1;
    %delay 200000, 0;
    %pushi/vec4 1, 0, 1;
    %store/vec4 v0x59d5dd21a230_0, 0, 1;
    %ix/getv/s 4, v0x59d5dd1ebe60_0;
    %load/vec4a v0x59d5dd219c70, 4;
    %store/vec4 v0x59d5dd219d50_0, 0, 32;
    %ix/getv/s 4, v0x59d5dd1ebe60_0;
    %load/vec4a v0x59d5dd219e10, 4;
    %store/vec4 v0x59d5dd219eb0_0, 0, 32;
    %vpi_call/w 3 72 "$display", "\012--- Test %0d : %s ---", v0x59d5dd1ebe60_0, &A<v0x59d5dd21a190, v0x59d5dd1ebe60_0 > {0 0 0};
    %vpi_call/w 3 73 "$display", "A_vec = 0x%h  B_vec = 0x%h", v0x59d5dd219d50_0, v0x59d5dd219eb0_0 {0 0 0};
    %pushi/vec4 1, 0, 1;
    %store/vec4 v0x59d5dd21a300_0, 0, 1;
    %vpi_call/w 3 76 "$display", "Start: %0d: ", v0x59d5dd21a300_0 {0 0 0};
    %wait E_0x59d5dd15eed0;
    %vpi_call/w 3 78 "$display", "Busy: %0d: ", v0x59d5dd2180a0_0 {0 0 0};
    %wait E_0x59d5dd15eed0;
    %pushi/vec4 0, 0, 1;
    %store/vec4 v0x59d5dd21a300_0, 0, 1;
    %vpi_call/w 3 82 "$display", "Start: %0d: ", v0x59d5dd21a300_0 {0 0 0};
    %vpi_call/w 3 84 "$display", "Busy: %0d: ", v0x59d5dd2180a0_0 {0 0 0};
T_9.3 ;
    %load/vec4 v0x59d5dd21a0c0_0;
    %pushi/vec4 1, 0, 1;
    %cmp/e;
    %flag_get/vec4 4;
    %cmpi/ne 1, 0, 1;
    %jmp/0xz T_9.4, 6;
    %wait E_0x59d5dd19e6c0;
    %jmp T_9.3;
T_9.4 ;
    %vpi_call/w 3 88 "$display", "DUT cosine_similarity = %0d (0x%h)", v0x59d5dd219ff0_0, v0x59d5dd219ff0_0 {0 0 0};
    %wait E_0x59d5dd15eed0;
T_9.2 ; for-loop step statement
    ; show_stmt_assign_vector: Get l-value for compressed += operand
    %load/vec4 v0x59d5dd1ebe60_0;
    %pushi/vec4 1, 0, 32;
    %add;
    %cast2;
    %store/vec4 v0x59d5dd1ebe60_0, 0, 32;
    %jmp T_9.0;
T_9.1 ; for-loop exit label
    %end;
    .scope S_0x59d5dd1e6b50;
t_0 %join;
    %vpi_call/w 3 94 "$display", "\012=== All Tests Complete ===" {0 0 0};
    %vpi_call/w 3 95 "$finish" {0 0 0};
    %end;
    .thread T_9;
# The file index is used to find the file name in the following table.
:file_names 5;
    "N/A";
    "<interactive>";
    "-";
    "tb_control_store_directed.sv";
    "control_store.sv";
